**Phase 1: Completed pre-decoding.
	full event: 'Mar 29 13:36:36 WinEvtLog: Microsoft-Windows-Sysmon/Operational: INFORMATION(1): Microsoft-Windows-Sysmon: SYSTEM: NT AUTHORITY: WIN-P57C9KN929H: Process Create:  UtcTime: 2017-03-29 11:36:36.964  ProcessGuid: {DB577E3B-9C44-58DB-0000-0010B0983A00}  ProcessId: 3784  Image: C:\Windows\System32\WindowsPowerShell\v1.0\powershell.exe  CommandLine: "C:\Windows\System32\WindowsPowerShell\v1.0\powershell.exe" "-file" "C:\Users\Alberto\Desktop\test.ps1"  CurrentDirectory: C:\Users\Alberto\Desktop\  User: WIN-P57C9KN929H\Alberto  LogonGuid: {DB577E3B-89E5-58DB-0000-0020CB290500}  LogonId: 0x529cb  TerminalSessionId: 1  IntegrityLevel: Medium  Hashes: MD5=92F44E405DB16AC55D97E3BFE3B132FA,SHA256=6C05E11399B7E3C8ED31BAE72014CF249C144A8F4A2C54A758EB2E6FAD47AEC7  ParentProcessGuid: {DB577E3B-89E6-58DB-0000-0010FA3B0500}  ParentProcessId: 2308  ParentImage: C:\Windows\explorer.exe  ParentCommandLine: C:\Windows\Explorer.EXE'
	timestamp: 'Mar 29 13:36:36'
	hostname: 'WinEvtLog:'
	program_name: 'WinEvtLog'

**Phase 2: Completed decoding.
	name: 'windows'
	parent: 'windows'
	id: '1'
	srcuser: 'WIN-P57C9KN929H\Alberto'
	sysmon.commandLine: '"C:\Windows\System32\WindowsPowerShell\v1.0\powershell.exe" "-file" "C:\Users\Alberto\Desktop\test.ps1"'
	sysmon.currentDirectory: 'C:\Users\Alberto\Desktop\'
	sysmon.hashes: '92F44E405DB16AC55D97E3BFE3B132FA,SHA256=6C05E11399B7E3C8ED31BAE72014CF249C144A8F4A2C54A758EB2E6FAD47AEC7'
	sysmon.image: 'C:\Windows\System32\WindowsPowerShell\v1.0\powershell.exe'
	sysmon.integrityLevel: 'Medium'
	sysmon.logonGuid: '{DB577E3B-89E5-58DB-0000-0020CB290500}'
	sysmon.logonId: '0x529cb'
	sysmon.parentImage: 'C:\Windows\explorer.exe'
	sysmon.parentProcessGuid: '{DB577E3B-89E6-58DB-0000-0010FA3B0500}'
	sysmon.parentProcessId: '2308'
	sysmon.processGuid: '{DB577E3B-9C44-58DB-0000-0010B0983A00}'
	sysmon.processId: '3784'
	sysmon.terminalSessionId: '1'

**Phase 3: Completed filtering (rules).
	id: '184665'
	level: '0'
	description: 'Sysmon - Event 1'
	groups: '["sysmon","sysmon_event1"]'
	firedtimes: '1'
	mail: 'false'
