CLIENT_HANDSHAKE_TRAFFIC_SECRET 2dd836222cb88a36cea80c494ebdf9edcc89478e1f2e0f96775fd7fcf7fcb152 d8472d2587052e4974f53ad1898ac075ca48d288c1758894d76990cbba9fa8c1
SERVER_HANDSHAKE_TRAFFIC_SECRET 2dd836222cb88a36cea80c494ebdf9edcc89478e1f2e0f96775fd7fcf7fcb152 b636f4270f423ace5aa6e1bc07fac1e4d5b4d261de8a3507511a77b197b22d54
CLIENT_HANDSHAKE_TRAFFIC_SECRET e30b535b38a7587ad5fb5eccf2da6c52d2c577567d4b152d610569250d63b96f 7959341ee647414f5e802555c4ede2798677cb96cd8f0a663b7b97267deff0dc
SERVER_HANDSHAKE_TRAFFIC_SECRET e30b535b38a7587ad5fb5eccf2da6c52d2c577567d4b152d610569250d63b96f 54cd04785a7ef12d219329f6c85d0caaa16b9b1dd698ccfb83b643cbc1034226
CLIENT_TRAFFIC_SECRET_0 2dd836222cb88a36cea80c494ebdf9edcc89478e1f2e0f96775fd7fcf7fcb152 8897f209efc688722518e746f13c4759463177a71d8415d77598668bb058f61b
SERVER_TRAFFIC_SECRET_0 2dd836222cb88a36cea80c494ebdf9edcc89478e1f2e0f96775fd7fcf7fcb152 96120fc52131b57229d750c293a36a76c6699e9598b142bd00e0ccb8bf725f32
EXPORTER_SECRET 2dd836222cb88a36cea80c494ebdf9edcc89478e1f2e0f96775fd7fcf7fcb152 d2b6cb7c35607a6511f8f0d090186755e2cccd5b7168e81362226fd7aec05ad8
CLIENT_HANDSHAKE_TRAFFIC_SECRET 14ee4f74a07ffdac00ba30520a20c5484eb897aa0ffe8e18c73d71ac533f2b23 6279154229e5a63489480cdf391ece0edf7ae30be274b03dc554ce5433f87366
SERVER_HANDSHAKE_TRAFFIC_SECRET 14ee4f74a07ffdac00ba30520a20c5484eb897aa0ffe8e18c73d71ac533f2b23 cd71efc72035225f663e6e92caf32ec8bed35d5be81bc0547b963163daa28370
CLIENT_TRAFFIC_SECRET_0 14ee4f74a07ffdac00ba30520a20c5484eb897aa0ffe8e18c73d71ac533f2b23 131fccdf1769dd345130c721d6117d9e95d54fd5ff2862abccc960f12052e32b
SERVER_TRAFFIC_SECRET_0 14ee4f74a07ffdac00ba30520a20c5484eb897aa0ffe8e18c73d71ac533f2b23 1d7d4ce0b91748a0cba6ee464075125dd3b18abc186f146d5c639fcc2e39840f
EXPORTER_SECRET 14ee4f74a07ffdac00ba30520a20c5484eb897aa0ffe8e18c73d71ac533f2b23 13937dc790a633dd2025c051efbd4a7ab8034c489f4a5f6b37ba5824c32ab5f8
CLIENT_HANDSHAKE_TRAFFIC_SECRET 63fd8ba67e2ffdd6fe7cb130a5e8decf250a24c696431089e781dc78e88872f0 b3c521423bc3df9cb3d2e52fa89daf8fefbd21116c5b31fa3c24ac5ac841606c
SERVER_HANDSHAKE_TRAFFIC_SECRET 63fd8ba67e2ffdd6fe7cb130a5e8decf250a24c696431089e781dc78e88872f0 b664e5e8bc35b5482e6d3aba0e5c4b54b2534e323dde37549acf8c0794a856c8
CLIENT_HANDSHAKE_TRAFFIC_SECRET e03672ea1abe58041254399ba44684d7c113bc4f6848314428537bcc3c885249 05ed1f03e44ff947a668a87e7dd131a62425cbd3b92ebd604787c804211e8a95
SERVER_HANDSHAKE_TRAFFIC_SECRET e03672ea1abe58041254399ba44684d7c113bc4f6848314428537bcc3c885249 716404c8d13362ec81e8405a36cd249607c10a55bfb3b62585f9b0fafcf40468
CLIENT_TRAFFIC_SECRET_0 e03672ea1abe58041254399ba44684d7c113bc4f6848314428537bcc3c885249 e2ff6b399e7ad7b6add69e6b562fc337801d20d1928775b0871f0bf761eceba6
SERVER_TRAFFIC_SECRET_0 e03672ea1abe58041254399ba44684d7c113bc4f6848314428537bcc3c885249 57bf65b12b02f56176723db008ee10c2d2ccd9b6de69014e64e3a394d81da58b
EXPORTER_SECRET e03672ea1abe58041254399ba44684d7c113bc4f6848314428537bcc3c885249 8cd06285e614d517fe6be6c878c8f07e5ed8fefd0b4ec44f9187f45e99f001cf
CLIENT_HANDSHAKE_TRAFFIC_SECRET 0a0928b39a2f7039afe08fbb56cfb89648281d07bf0f256bc400f40927ad0ff6 cad7dc2d137b2a155f0b7a44e837e88a5d8cb4745afab075e5a8b2f7a8caa178
SERVER_HANDSHAKE_TRAFFIC_SECRET 0a0928b39a2f7039afe08fbb56cfb89648281d07bf0f256bc400f40927ad0ff6 b2048db5db1aa1ca7ffe24b63acfda500d882e32cf7d40df5f56837fe03097e8
CLIENT_TRAFFIC_SECRET_0 0a0928b39a2f7039afe08fbb56cfb89648281d07bf0f256bc400f40927ad0ff6 c93eec6bfcc4e8b0d8c28be3afbcd31638526791833963c546dd897772f806fb
SERVER_TRAFFIC_SECRET_0 0a0928b39a2f7039afe08fbb56cfb89648281d07bf0f256bc400f40927ad0ff6 2e05766844f9156c99bf48cef766a2174608baef5e42cd3ad5cffd16c43c3997
EXPORTER_SECRET 0a0928b39a2f7039afe08fbb56cfb89648281d07bf0f256bc400f40927ad0ff6 2bad3e48f8f8ba154fffe22b05b63cd55eb3a3f904180870d7d825be6d790516
CLIENT_HANDSHAKE_TRAFFIC_SECRET 300b156897a50ad1bc92a01e2e66302c26a325df92cfa23cc01ab9d8cbde4f7b e26bb4c9244160740b0c01d75d42b8e3898f8080d2c174c650d741b5afc3c740
SERVER_HANDSHAKE_TRAFFIC_SECRET 300b156897a50ad1bc92a01e2e66302c26a325df92cfa23cc01ab9d8cbde4f7b 1aac5427f728461530e7a338370a75a52dcb2033fa17365355726659b6ad9f78
CLIENT_TRAFFIC_SECRET_0 300b156897a50ad1bc92a01e2e66302c26a325df92cfa23cc01ab9d8cbde4f7b 6ddbe0c1f46025c11bedd14147b4cabe3db906936cfaa549007b45450d1eb395
SERVER_TRAFFIC_SECRET_0 300b156897a50ad1bc92a01e2e66302c26a325df92cfa23cc01ab9d8cbde4f7b 5b8a97b4a596065b19d0116589af1bb4be0065b8113f858038d38eed567a4ab5
EXPORTER_SECRET 300b156897a50ad1bc92a01e2e66302c26a325df92cfa23cc01ab9d8cbde4f7b 7b419a4f0f2e7813ab8f325f0f6dd32a32904aed84feb71a95d5fd2b22bef0e4
CLIENT_HANDSHAKE_TRAFFIC_SECRET f49bd00fd7b85f7edeb44984450e19a65081c74e56ce9503c4f484f2d898687a c562a9fb79ad962d93f5b54f78ee56fdf5009c52fef7dd568b6fdba66cb1c194
SERVER_HANDSHAKE_TRAFFIC_SECRET f49bd00fd7b85f7edeb44984450e19a65081c74e56ce9503c4f484f2d898687a 076396b846f8e267d5eb288c49ac70ae4662b1528f9c19b28b5fc217d2e80372
CLIENT_HANDSHAKE_TRAFFIC_SECRET 202d4b394669503d39e22ea4f04f1a7ccff03dff684cd8ee5dc9b5d357b661f0 aa90922de8e53a600200ce8cc2446c9463c6f3b35a17ae547ea1ffc01cdd82bb
SERVER_HANDSHAKE_TRAFFIC_SECRET 202d4b394669503d39e22ea4f04f1a7ccff03dff684cd8ee5dc9b5d357b661f0 ff6fef9af578235d448226f997d6cfb890e2ee5ad653ad6eba5b5d1f06bfc9e2
CLIENT_TRAFFIC_SECRET_0 202d4b394669503d39e22ea4f04f1a7ccff03dff684cd8ee5dc9b5d357b661f0 045433e2f431931cddfa8ad9925ba51f2a81a38b23e84a8ca50811bf1c843a63
SERVER_TRAFFIC_SECRET_0 202d4b394669503d39e22ea4f04f1a7ccff03dff684cd8ee5dc9b5d357b661f0 607bebf2e4c77df56ad917daa1b67cc8a3920c2c450fb186550303bdf8984a78
EXPORTER_SECRET 202d4b394669503d39e22ea4f04f1a7ccff03dff684cd8ee5dc9b5d357b661f0 60de833679458365d5642c7ab9fee1d5d7cda9f23c1bc75be4c0b0bccd63afbb
CLIENT_HANDSHAKE_TRAFFIC_SECRET 5d7d7ca0aaac8ce3b1eca2538a0bd3fe03c6ff1a97f88273dcc69904f27b2b06 7a96861b3e344752be1c80e217ddcde1846740f662623d5a6ae5b160d7a760f0
SERVER_HANDSHAKE_TRAFFIC_SECRET 5d7d7ca0aaac8ce3b1eca2538a0bd3fe03c6ff1a97f88273dcc69904f27b2b06 e3e9884a0f83ef572e978584be58fa670615eb5ba4f19cda84a62b0eea87307c
CLIENT_HANDSHAKE_TRAFFIC_SECRET daf16c211af3741d6ed63a5769914c087d3235c9945d9a921336d2fa268cd42f fec8079dd1d982b83629e51d6cd209e99a74711bf6b7d0a053e3bfb2ce65524f
SERVER_HANDSHAKE_TRAFFIC_SECRET daf16c211af3741d6ed63a5769914c087d3235c9945d9a921336d2fa268cd42f 4f25b1c4b2246f34ef0b60520b762dc71d31d0a2c378b98024af011bbf879371
CLIENT_TRAFFIC_SECRET_0 daf16c211af3741d6ed63a5769914c087d3235c9945d9a921336d2fa268cd42f 50611e4fb4702580b0c2169a7375bf665fa81fefb4fc99886249a39ee648d7fb
SERVER_TRAFFIC_SECRET_0 daf16c211af3741d6ed63a5769914c087d3235c9945d9a921336d2fa268cd42f f8efedc83274f5ba8479ed97c435fce7536e4b94fd7b793f76698a734b137852
EXPORTER_SECRET daf16c211af3741d6ed63a5769914c087d3235c9945d9a921336d2fa268cd42f aca8857053f787aa85dcd6fa199db220abe523d96c3d0d59abf6cb7dd9627a56
CLIENT_HANDSHAKE_TRAFFIC_SECRET cc14eb96e2686252e9a59601f0c37fd6af465d9c79ab589a10d5d2d5c689cf56 5f6f1a51021d9c4fc854adaff88a5f137088ef86048352fdd33f8b6ff1f39276
SERVER_HANDSHAKE_TRAFFIC_SECRET cc14eb96e2686252e9a59601f0c37fd6af465d9c79ab589a10d5d2d5c689cf56 97e78b6809441975c098b4b4ce8cb444b57ebbbaf5dfece81745709577db73f0
CLIENT_HANDSHAKE_TRAFFIC_SECRET 3eb802466907f86a5d16ee4ee0e23eed120a8c9574b9850293c8ddb4116186b3 f560290f1188250b249ad5337a482d10225b0c36bc0c64c46f98d8229427b7bb
SERVER_HANDSHAKE_TRAFFIC_SECRET 3eb802466907f86a5d16ee4ee0e23eed120a8c9574b9850293c8ddb4116186b3 88ac234bb17c99ceabf790eb554255b8a130e0d39887ee0ab1f549bc7fde09de
CLIENT_TRAFFIC_SECRET_0 3eb802466907f86a5d16ee4ee0e23eed120a8c9574b9850293c8ddb4116186b3 8eef459d108047d51d1da7a9fd356b6b85917d621f1729eab338521f13dca885
SERVER_TRAFFIC_SECRET_0 3eb802466907f86a5d16ee4ee0e23eed120a8c9574b9850293c8ddb4116186b3 edbc865743f676ddcfb2d9cfe26a2d593b23dab60a59173d6340f46264815632
EXPORTER_SECRET 3eb802466907f86a5d16ee4ee0e23eed120a8c9574b9850293c8ddb4116186b3 bf7d7cb276c0d3b4d1ea286b0038bf321f028ea4b88e6dfe6010c0c4a6815a02
CLIENT_HANDSHAKE_TRAFFIC_SECRET 49e9f53b6b3d3c5399ac0ca8f38f7836d85d14f5cbb516672a157ed16837e185 b77f1c5131b4e9b34623973cac2036614485bc18462144a946a7267357891a00
SERVER_HANDSHAKE_TRAFFIC_SECRET 49e9f53b6b3d3c5399ac0ca8f38f7836d85d14f5cbb516672a157ed16837e185 565bcd59ba490e2b1b107d26067f7fe44c3147f22b1cfd3ff11c62794a29851b
CLIENT_TRAFFIC_SECRET_0 49e9f53b6b3d3c5399ac0ca8f38f7836d85d14f5cbb516672a157ed16837e185 eb5c578ba8c64c7ff560391c981abaad77fa8dcbf99c3bf39cf31ef2e77a29a7
SERVER_TRAFFIC_SECRET_0 49e9f53b6b3d3c5399ac0ca8f38f7836d85d14f5cbb516672a157ed16837e185 316c1db17818cc2230f58e8218844153b9e87631041c0ab466b69b93cbe3d125
EXPORTER_SECRET 49e9f53b6b3d3c5399ac0ca8f38f7836d85d14f5cbb516672a157ed16837e185 6adaef1adc4c0db1065fde9c002c86d3067c98d4b5b4bba5508bfca36fc4496e
CLIENT_HANDSHAKE_TRAFFIC_SECRET 94b6ab0b4a2cfc49ebf5ed9bee221795ad74e1a7d2cd8326083412f6a5a2bc47 ae2494526ee3675ecb2f5abbf218760f3e40df14f5524c64f29e9c8515834ea0
SERVER_HANDSHAKE_TRAFFIC_SECRET 94b6ab0b4a2cfc49ebf5ed9bee221795ad74e1a7d2cd8326083412f6a5a2bc47 9c069ffcbfcef16d34894a5e4e6be4148ce5de4e10914f49377e34516aef6502
CLIENT_TRAFFIC_SECRET_0 94b6ab0b4a2cfc49ebf5ed9bee221795ad74e1a7d2cd8326083412f6a5a2bc47 c901c9e71d2465b6acb66d49450e56c172926cefdc8cc23959de4dfff20ec395
SERVER_TRAFFIC_SECRET_0 94b6ab0b4a2cfc49ebf5ed9bee221795ad74e1a7d2cd8326083412f6a5a2bc47 a8e14cb5382310c95a772f7e0b01a0147c0d62047bf9de35eb5318fdf4f15055
EXPORTER_SECRET 94b6ab0b4a2cfc49ebf5ed9bee221795ad74e1a7d2cd8326083412f6a5a2bc47 a04ce0278165a5d9be8b916fb9462122a101729bced891958c71dc58e66c9a77
CLIENT_HANDSHAKE_TRAFFIC_SECRET fbab165b132940c7b5c8954f44c33a88d3f15ae68234718f4f9d48833e4b5c7b 08103f5308ccbe77f50d1e17ea6f0f76787b3d6b9865745d0d57e004151ed738
SERVER_HANDSHAKE_TRAFFIC_SECRET fbab165b132940c7b5c8954f44c33a88d3f15ae68234718f4f9d48833e4b5c7b 4fff2c53a2533fb66cecc59b4d9b5e8e48689e28ccc6784b9ed3cd2c7ad1b74f
CLIENT_TRAFFIC_SECRET_0 fbab165b132940c7b5c8954f44c33a88d3f15ae68234718f4f9d48833e4b5c7b f08cf5ef002e163d3dc85c04e0d61e331117aee49d39bf825725be8268c8fe71
SERVER_TRAFFIC_SECRET_0 fbab165b132940c7b5c8954f44c33a88d3f15ae68234718f4f9d48833e4b5c7b 8bfc89ed4577d60a68a3544c047547275e8f12e3a532138e1cd1f4a1d61fc72b
EXPORTER_SECRET fbab165b132940c7b5c8954f44c33a88d3f15ae68234718f4f9d48833e4b5c7b d57b956b3f78965689ff265e6f69f7d2cca4896652193353aabc322012cc80c4
CLIENT_EARLY_TRAFFIC_SECRET 8619bc747177f6fb1c5f86eba5d36437b578961bff76f0b62d62ef2cd29debb3 a22c1c720d1d6f6947206e413f337d4bb476bfa9deaaf6e5b02623272e7315fd
CLIENT_HANDSHAKE_TRAFFIC_SECRET 8619bc747177f6fb1c5f86eba5d36437b578961bff76f0b62d62ef2cd29debb3 f3c99a0c0cd98fb3577f10c61383280ab1abad0b43bc8caf984629ab311c84b3
SERVER_HANDSHAKE_TRAFFIC_SECRET 8619bc747177f6fb1c5f86eba5d36437b578961bff76f0b62d62ef2cd29debb3 66cc0c21fa6900b6c04b808d988b8751a7a66761a192ef814f82a9bde0d96fce
CLIENT_TRAFFIC_SECRET_0 8619bc747177f6fb1c5f86eba5d36437b578961bff76f0b62d62ef2cd29debb3 d7862fe874ef0038290bd23df0b8d02d9dc19d6f23910a70bc2af02f74473768
SERVER_TRAFFIC_SECRET_0 8619bc747177f6fb1c5f86eba5d36437b578961bff76f0b62d62ef2cd29debb3 4f1b9182720060ddd611ad2b595bf04c08128268fdfb9acaa36ac07f465f98f4
EXPORTER_SECRET 8619bc747177f6fb1c5f86eba5d36437b578961bff76f0b62d62ef2cd29debb3 6d4ac741dd2be4613bfaf1efd6c440a816a13a388138e52fa0c15d5d72d4ff66
CLIENT_HANDSHAKE_TRAFFIC_SECRET 26131f08c2fa61e7732801357411d67e94d5394829edfc5d4e72fdd8d9f0c111 2db84045886f95041e5ae9837fa412f05e38f60a6e3bc145b26164ca1aba04c4
SERVER_HANDSHAKE_TRAFFIC_SECRET 26131f08c2fa61e7732801357411d67e94d5394829edfc5d4e72fdd8d9f0c111 0ab5cf570cc91ff442a8d25f45ab061564dc2d37f4f375e0b9c102373757955a
CLIENT_HANDSHAKE_TRAFFIC_SECRET 8cead58cab8f357c316140aacaeb6f0c29c1e8005f0dae4a31ee835d9a15d536 1fdbba683d92e79ea2a2382d721d9993ed7bb1f46050750f59633a328166190d
SERVER_HANDSHAKE_TRAFFIC_SECRET 8cead58cab8f357c316140aacaeb6f0c29c1e8005f0dae4a31ee835d9a15d536 23c4a994bb9c5b1942ce10c1ca70f8f66699a7db7b2949035857380b2b6ac688
CLIENT_TRAFFIC_SECRET_0 8cead58cab8f357c316140aacaeb6f0c29c1e8005f0dae4a31ee835d9a15d536 e6fbb565e146d5728815b180ed2389b18ff36fe5a8a2c5a4661dbd2f51b440d6
SERVER_TRAFFIC_SECRET_0 8cead58cab8f357c316140aacaeb6f0c29c1e8005f0dae4a31ee835d9a15d536 de7d788b8bc9e5fa014be9c06cd86f2f93babdbf7e5db3ad9d23e2a0c428518a
EXPORTER_SECRET 8cead58cab8f357c316140aacaeb6f0c29c1e8005f0dae4a31ee835d9a15d536 a74eddddbd92be93438b5e164629c2e03262e8a8659089b75551f754c2c682f8
CLIENT_HANDSHAKE_TRAFFIC_SECRET 77627d51151bf34c752e048970e5bd87032313c2e9a357b805d9d0ab1040b303 9e70a8c1cd1adae64188a791915addcde280cccb11bb5588c95a155036f06b29
SERVER_HANDSHAKE_TRAFFIC_SECRET 77627d51151bf34c752e048970e5bd87032313c2e9a357b805d9d0ab1040b303 8c508b14f7065d15c0124a3c41a0ddfd01016f650f5f18f1b26e5d7d5ce5ba42
CLIENT_HANDSHAKE_TRAFFIC_SECRET 540fb738f6b419bb039c931e63b19b796a422c4c06c04426bafee464f45090c2 51ab879abe4081c50686364ad6e40d9c82e543e1f6bd8dd5ead4cdfd4ad6921e
SERVER_HANDSHAKE_TRAFFIC_SECRET 540fb738f6b419bb039c931e63b19b796a422c4c06c04426bafee464f45090c2 b671eae3f8927a8e0921ab13a9d1ba44df34bed76a20a6e2ab51cc3c5ee52963
CLIENT_TRAFFIC_SECRET_0 540fb738f6b419bb039c931e63b19b796a422c4c06c04426bafee464f45090c2 3331cfd3184016a738cba2772baad7d4ebbb9d994fa53052f9631849a0eabb3d
SERVER_TRAFFIC_SECRET_0 540fb738f6b419bb039c931e63b19b796a422c4c06c04426bafee464f45090c2 fada7599b6fbea46237ddb94cf025d6869501068689a5c7f33f74d44921438d8
EXPORTER_SECRET 540fb738f6b419bb039c931e63b19b796a422c4c06c04426bafee464f45090c2 e1ed922d6f7daf7ed5f1afec07f7fef65ab398480a0914506f7d0877be443e7f
CLIENT_HANDSHAKE_TRAFFIC_SECRET d94e3b75a77c487f6c74ae83a43abe5d36cd011944b0f9ed45d93d14f10d7b66 83b69633e614405a0026b0339364fb4f88a05bd8f3dcef0a9425fdd671c59ea2
SERVER_HANDSHAKE_TRAFFIC_SECRET d94e3b75a77c487f6c74ae83a43abe5d36cd011944b0f9ed45d93d14f10d7b66 5fcfe07e5bed876918efca10b7c2e9fbfdac7c1b503274a1e1c72ab6395bd7b2
CLIENT_TRAFFIC_SECRET_0 d94e3b75a77c487f6c74ae83a43abe5d36cd011944b0f9ed45d93d14f10d7b66 7b0cf392ded04491b8753f535d82c4253ee8d8bea4244cdb376ca681ec4dfa0a
SERVER_TRAFFIC_SECRET_0 d94e3b75a77c487f6c74ae83a43abe5d36cd011944b0f9ed45d93d14f10d7b66 edd6bb4e07501987b630c74b6c12af601dabc3689a0d8ce49bb6ed05346e2665
EXPORTER_SECRET d94e3b75a77c487f6c74ae83a43abe5d36cd011944b0f9ed45d93d14f10d7b66 1ce3ae4c973d44aea3e9511c5e22968b799c3067f44b8d7f97a3c5e80e8b5339
CLIENT_HANDSHAKE_TRAFFIC_SECRET cde08d6fa3d5887986c3fd9b07a44bd23e5aee31a7cfdb9264dccae554e320c9 d6555649632b78e21915141684bc0b2e53164bd1aa9b25fb54679b2276d1c366
SERVER_HANDSHAKE_TRAFFIC_SECRET cde08d6fa3d5887986c3fd9b07a44bd23e5aee31a7cfdb9264dccae554e320c9 463e8d574218b869525e9e499fb1b1e9649381fad5f87933d42e156484a70c85
CLIENT_TRAFFIC_SECRET_0 cde08d6fa3d5887986c3fd9b07a44bd23e5aee31a7cfdb9264dccae554e320c9 c1731bb59aba2520fa4559006abe3b427bfd0307e70a841d6d75bb7c51b122dd
SERVER_TRAFFIC_SECRET_0 cde08d6fa3d5887986c3fd9b07a44bd23e5aee31a7cfdb9264dccae554e320c9 89b6186696ffff5748ddacddff7b3207f043766052cf7314ea4c05567932ada4
EXPORTER_SECRET cde08d6fa3d5887986c3fd9b07a44bd23e5aee31a7cfdb9264dccae554e320c9 ab524fee035d2980e75b3196e9b9ed50a6cc53e1f8fba8b28551ff35ff98d768
CLIENT_HANDSHAKE_TRAFFIC_SECRET be809765cd2a5de14aad953d716312bd1e2d9a73bb167fd786745e853da53813 259848ec9dfdad51e2f53e1a4800847241118601d7359f09f0d87119600cebfa
SERVER_HANDSHAKE_TRAFFIC_SECRET be809765cd2a5de14aad953d716312bd1e2d9a73bb167fd786745e853da53813 0f3f97cbc6fea8af9ee5818a606fac80ca8e63efb37b598e5d5acad43a85a807
CLIENT_TRAFFIC_SECRET_0 be809765cd2a5de14aad953d716312bd1e2d9a73bb167fd786745e853da53813 dd7bc4b901a0a84e2abcd5ceb5c62b1821edb6176fa898009bfda373373baa44
SERVER_TRAFFIC_SECRET_0 be809765cd2a5de14aad953d716312bd1e2d9a73bb167fd786745e853da53813 8790619f6c2105e1ac75c0ffe920f96a05cb768895ac59f5035fc04dacebcab5
EXPORTER_SECRET be809765cd2a5de14aad953d716312bd1e2d9a73bb167fd786745e853da53813 0394b57ff5a39208a688c1c04b6c043ea65a222bdb70e6e35615dcab42e6850a
CLIENT_HANDSHAKE_TRAFFIC_SECRET cb9f5b75f573f8361372b101ca143724e6dfc4b9478f62a0e521abadf9d35163 05fec830aab6e2c8ace7b99336cefbefcccd0d78072dc69446c32c093a7a25dc
SERVER_HANDSHAKE_TRAFFIC_SECRET cb9f5b75f573f8361372b101ca143724e6dfc4b9478f62a0e521abadf9d35163 c64cb1ab02fd04c85af0d0411ddea963b42d1f6cd9e4f358ee4d8242c1cca962
CLIENT_TRAFFIC_SECRET_0 cb9f5b75f573f8361372b101ca143724e6dfc4b9478f62a0e521abadf9d35163 24064caa0a2a989ce638dc27c30753b9656da79fca8ac781836836289590c8d4
SERVER_TRAFFIC_SECRET_0 cb9f5b75f573f8361372b101ca143724e6dfc4b9478f62a0e521abadf9d35163 647b148ce0bf45b64fc3d921b8f6d52a094dba61ecbc08fc852517687ecbb94d
EXPORTER_SECRET cb9f5b75f573f8361372b101ca143724e6dfc4b9478f62a0e521abadf9d35163 9f292a9897b5b5bdebc036cfa227ca6e418bbcd3a8b9908db6b1a07611044a5f
CLIENT_HANDSHAKE_TRAFFIC_SECRET 91e2fcedd5dbd1f1982375176133af440b4ff3f1446e6f2e6de9046c6fccfce1 906c0b7e9be162175480f34a6b6a992670e56ca5307106c4edc786458d0d5347
SERVER_HANDSHAKE_TRAFFIC_SECRET 91e2fcedd5dbd1f1982375176133af440b4ff3f1446e6f2e6de9046c6fccfce1 0bb7228d244c65e75b757504be7ba70ec3a865236fad335691393b397d137a72
CLIENT_TRAFFIC_SECRET_0 91e2fcedd5dbd1f1982375176133af440b4ff3f1446e6f2e6de9046c6fccfce1 4f5f9acb04586939445405a545c55e1467646b281b02b5d8963ed72ce6798f4e
SERVER_TRAFFIC_SECRET_0 91e2fcedd5dbd1f1982375176133af440b4ff3f1446e6f2e6de9046c6fccfce1 fc41931a8ecbc0236cf6513175a487b3082ce4d481025abe45977916e4debd64
EXPORTER_SECRET 91e2fcedd5dbd1f1982375176133af440b4ff3f1446e6f2e6de9046c6fccfce1 3c68629ff75b44684ac28507aaee92c1b1fac5ecbcebd1d3b75718543aca2b37
CLIENT_HANDSHAKE_TRAFFIC_SECRET fbbcc154fb85d8ce0bd06a8c77ec815de635aeb7b2981d01fcdb6ef724640f73 42b110ec880b81b7adcc7c2535c58516c7e4d1aa4b77f544b3cf129950f17e0d
SERVER_HANDSHAKE_TRAFFIC_SECRET fbbcc154fb85d8ce0bd06a8c77ec815de635aeb7b2981d01fcdb6ef724640f73 4b972b8208683d415ba9df43708195e8045f87f0dc6de489d1b390d1ddd2a2e5
CLIENT_TRAFFIC_SECRET_0 fbbcc154fb85d8ce0bd06a8c77ec815de635aeb7b2981d01fcdb6ef724640f73 37dbfe04f3b8ea47c3a152b9afff090a5585dc72f3f2b7229d9a2474ef60d72b
SERVER_TRAFFIC_SECRET_0 fbbcc154fb85d8ce0bd06a8c77ec815de635aeb7b2981d01fcdb6ef724640f73 cca378bc06d0a93b24c1a9137f8a8a5a78b794f4a79525d97e9241c1db43e9e6
EXPORTER_SECRET fbbcc154fb85d8ce0bd06a8c77ec815de635aeb7b2981d01fcdb6ef724640f73 7474f823837f86fdb43a30253d1782752ce508d77f2b4cb78920080c005ed040
CLIENT_EARLY_TRAFFIC_SECRET d61bfb7cb1219544e53373c9485ff564752eb87aeb302d3783d347b7e732d295 5ad181a63fd3fb23df8e6982f6bba966a99e66588fe76d4c42bb758533ee81c6
CLIENT_HANDSHAKE_TRAFFIC_SECRET d61bfb7cb1219544e53373c9485ff564752eb87aeb302d3783d347b7e732d295 c586a1e8289bfd06f10165070478ede2e35b77e719265559a41bcae86f62a9d3
SERVER_HANDSHAKE_TRAFFIC_SECRET d61bfb7cb1219544e53373c9485ff564752eb87aeb302d3783d347b7e732d295 64d1c0dfc60ed1e7480c6576aceb2980744645a1be2ea9a7eec136c308777e23
CLIENT_TRAFFIC_SECRET_0 d61bfb7cb1219544e53373c9485ff564752eb87aeb302d3783d347b7e732d295 3fab42dea224e013f30a56294d3acffc252e7b2cc8ebc133718dfd0bb3f6a650
SERVER_TRAFFIC_SECRET_0 d61bfb7cb1219544e53373c9485ff564752eb87aeb302d3783d347b7e732d295 ef4c326688456739c2d7f4e0acb2596afb2201b92c948ad6b09c933a42d68ace
EXPORTER_SECRET d61bfb7cb1219544e53373c9485ff564752eb87aeb302d3783d347b7e732d295 bb533d1776d5cafb17b50b57cfddddc28f4717daca4509f8798b44fc638514df
CLIENT_EARLY_TRAFFIC_SECRET c657d60732fe8be2616c799a627787514f2fd25e5e555e7acb412b5249bf96f6 e7a2ec8de5b4176f0ecf4d53619cac8ed0dba96c74eac51319411353c61e2cde
CLIENT_HANDSHAKE_TRAFFIC_SECRET c657d60732fe8be2616c799a627787514f2fd25e5e555e7acb412b5249bf96f6 753adf68d11eea9197bbc05ccd1806772b5dc785472e3baf7b9ff724174e70d4
SERVER_HANDSHAKE_TRAFFIC_SECRET c657d60732fe8be2616c799a627787514f2fd25e5e555e7acb412b5249bf96f6 cad92ca478afd87545ae2c42590ed5fc349e24a9c115c0a937a46405a81dadf9
CLIENT_TRAFFIC_SECRET_0 c657d60732fe8be2616c799a627787514f2fd25e5e555e7acb412b5249bf96f6 e2f1ffc49197c8554d8a2098988d6a39c1a4a70d976129b55e1b876531f320c9
SERVER_TRAFFIC_SECRET_0 c657d60732fe8be2616c799a627787514f2fd25e5e555e7acb412b5249bf96f6 c27faffd367ba74ec8459c460625f7790c13d17ac711f0303e485ac5367763cc
EXPORTER_SECRET c657d60732fe8be2616c799a627787514f2fd25e5e555e7acb412b5249bf96f6 2efee9deae81091021431391aca4fece685db55d0da258ad18aebb8e73e46bf8
CLIENT_HANDSHAKE_TRAFFIC_SECRET 4c7b1b7e8c73128a0697fcced5c660f0c6d9f6be05573e1894473f48dcb8d579 96cfafb509706d0f4b41f4d6e0e59dbcf3c35a0f1e02befaf8655015eef9b3dc
SERVER_HANDSHAKE_TRAFFIC_SECRET 4c7b1b7e8c73128a0697fcced5c660f0c6d9f6be05573e1894473f48dcb8d579 6f8a9f5f9b67006a98e0563193aaf418255b22b15ca0f1aeb5cd8fbd09da269a
CLIENT_TRAFFIC_SECRET_0 4c7b1b7e8c73128a0697fcced5c660f0c6d9f6be05573e1894473f48dcb8d579 fbd8c597a7df1fd8aee0c358169745699f9dfcbbd4a0eb185a7eb6680361e187
SERVER_TRAFFIC_SECRET_0 4c7b1b7e8c73128a0697fcced5c660f0c6d9f6be05573e1894473f48dcb8d579 21cc0007c751c968084df203a99aed7239e5e401ed580a67dbeb7dd877acec47
EXPORTER_SECRET 4c7b1b7e8c73128a0697fcced5c660f0c6d9f6be05573e1894473f48dcb8d579 ed44fb7d43e262ffafece6b057f32ea524c0171760bdd828d6682a3254e01e73
CLIENT_HANDSHAKE_TRAFFIC_SECRET b9c882faefa4651147bb41bc4fc712a060c5ca881589d2d86600c81190320df8 2fa797b6d39a8c809eed0e091c0728af59561377ddf5a8020822bdb873ebe445
SERVER_HANDSHAKE_TRAFFIC_SECRET b9c882faefa4651147bb41bc4fc712a060c5ca881589d2d86600c81190320df8 7be2abedbc312722ad67e396078da656f730e8bbeaf3419b508a5a42da782ba5
CLIENT_TRAFFIC_SECRET_0 b9c882faefa4651147bb41bc4fc712a060c5ca881589d2d86600c81190320df8 dca34634b078fe5b1a17a792c9b672147c80d7f089fb43b80b228d6b2c4a37b9
SERVER_TRAFFIC_SECRET_0 b9c882faefa4651147bb41bc4fc712a060c5ca881589d2d86600c81190320df8 fb2be4abe3a80306fe9be76d1032401f49ab590daeae7b000c18e0520f10685c
EXPORTER_SECRET b9c882faefa4651147bb41bc4fc712a060c5ca881589d2d86600c81190320df8 78f13f073f10143866c60ff251c0291b928171fa289a1e1bb474635bc9cca35a
CLIENT_HANDSHAKE_TRAFFIC_SECRET 7bf7132966cf2fc194570a19055e90d8daf6594cb15e69b4609854b37c99be0b 605b7561adfdb659d3cc27f8679a35343e8c77b7221c93fb75b3d424d960f2f1
SERVER_HANDSHAKE_TRAFFIC_SECRET 7bf7132966cf2fc194570a19055e90d8daf6594cb15e69b4609854b37c99be0b 879329a8b949c94f824df190162bc96921741f30e360a3571bae334a191aad4a
CLIENT_HANDSHAKE_TRAFFIC_SECRET 01837cb1f711aacfd814f4c0d27808487c26d1edb6bd65200e2a25c4f214bfac cb72e0496e725ede3c04b6eaf863f0002bdac569cabec5412e42a3c8f2a24321
SERVER_HANDSHAKE_TRAFFIC_SECRET 01837cb1f711aacfd814f4c0d27808487c26d1edb6bd65200e2a25c4f214bfac 06f8b54986d2dc1f7020d781f4c397dab270b00dc77ed45da17914f7c8912ce1
CLIENT_HANDSHAKE_TRAFFIC_SECRET efccd4dfabe86de121a86f2a667b9d62e39577283a8c828a6422e416430f3676 b825df7af3479dbd6f926b0fff255479b57499eca3af0d446064136f9f9a7488
SERVER_HANDSHAKE_TRAFFIC_SECRET efccd4dfabe86de121a86f2a667b9d62e39577283a8c828a6422e416430f3676 a29a2f85e3c6fa23eae9296aae33ba5e85565247569ec92b165bc94b19980480
CLIENT_TRAFFIC_SECRET_0 efccd4dfabe86de121a86f2a667b9d62e39577283a8c828a6422e416430f3676 63218673703cd16badb0ed4ff5f8317d1e80a42e309fdb86cb7deb34b5d6a0f3
SERVER_TRAFFIC_SECRET_0 efccd4dfabe86de121a86f2a667b9d62e39577283a8c828a6422e416430f3676 95f74258a8a335eebe7982c28b07452c3f094ac410e3dffbd515f6b9c52b09b7
EXPORTER_SECRET efccd4dfabe86de121a86f2a667b9d62e39577283a8c828a6422e416430f3676 93c31bca44852c1b15b9c892ba08ff0b35ffa9930595aabe8bfd877a24dc2e3b
CLIENT_HANDSHAKE_TRAFFIC_SECRET b1fb48de7c34366a3722d470ae97acfa0a02c5cefc75c1d5a50ea3edd433dd0d e54da0b11ba973ebac2bcc433d41db0864217905851705d4879a50ecbad07b7e
SERVER_HANDSHAKE_TRAFFIC_SECRET b1fb48de7c34366a3722d470ae97acfa0a02c5cefc75c1d5a50ea3edd433dd0d f7182629a1eb9846244ab8013d7878e21d938ff6b4de91ac3ac049e29541d2ec
CLIENT_HANDSHAKE_TRAFFIC_SECRET 6be7514dd9dc4bb6e9ec74ef9c9b6c5d60a4b0fd219c9677df44e1d2653a3609 7c0015d2add7ac6e44fdc5ec7e13f8004e7d07a0a3b25aa08c05e721baf91cbc
SERVER_HANDSHAKE_TRAFFIC_SECRET 6be7514dd9dc4bb6e9ec74ef9c9b6c5d60a4b0fd219c9677df44e1d2653a3609 04f6d4575cc5c009dd7f67ad3ce66e578be3f7e8b9545a94f2e7be9acdf0cf21
CLIENT_TRAFFIC_SECRET_0 6be7514dd9dc4bb6e9ec74ef9c9b6c5d60a4b0fd219c9677df44e1d2653a3609 ced28729091e42d3f5bd1680233fc556d6640177f48e582b6b739047e72784a5
SERVER_TRAFFIC_SECRET_0 6be7514dd9dc4bb6e9ec74ef9c9b6c5d60a4b0fd219c9677df44e1d2653a3609 251da68b770a03b1dfbdb3a155620fbe56a10e3ee6af9b0aa949b5777cd2b63e
EXPORTER_SECRET 6be7514dd9dc4bb6e9ec74ef9c9b6c5d60a4b0fd219c9677df44e1d2653a3609 fc1945133d1f2535a3fb21b5e533c591f4202fcb9319b90e08f990e2520ccfce
CLIENT_HANDSHAKE_TRAFFIC_SECRET 6d98844b25dc6be3a4cacdcd9f6e6235ebfcae0eabf27f800d7305fefaab1c73 3acfa158d0cc4910788e3957f875363f7fde40f7286601e3fbd97cddcd481c42
SERVER_HANDSHAKE_TRAFFIC_SECRET 6d98844b25dc6be3a4cacdcd9f6e6235ebfcae0eabf27f800d7305fefaab1c73 6d3c985fe6e2f45e74001529254ee7055eb020e1991b3a7cb728ddf8da5d03e3
CLIENT_HANDSHAKE_TRAFFIC_SECRET 69f06c304bd4b8e434b143dcdb2e16cf2c03d6ee4c155f5f08b661f171289770 4ec6ab01550061a8516552ff865813a738db291edce7652457d2f71fd5cc2699
SERVER_HANDSHAKE_TRAFFIC_SECRET 69f06c304bd4b8e434b143dcdb2e16cf2c03d6ee4c155f5f08b661f171289770 67217e850520361e57384fe00e70a9e4a75f8ace12fa424bb9d2f8303325a1f1
CLIENT_TRAFFIC_SECRET_0 69f06c304bd4b8e434b143dcdb2e16cf2c03d6ee4c155f5f08b661f171289770 09e0de9370fe1a3bc619390f8562def7f19c697538b0eb4e3ae555b82c51eeb8
SERVER_TRAFFIC_SECRET_0 69f06c304bd4b8e434b143dcdb2e16cf2c03d6ee4c155f5f08b661f171289770 e1e65808e2d13c3343b2cc6bc2af7b27adec10cbf6a3d3ebeac9c452650bdc82
EXPORTER_SECRET 69f06c304bd4b8e434b143dcdb2e16cf2c03d6ee4c155f5f08b661f171289770 af9f0546f660d0a7fc7ee1f6d040386e26205549056511930e0c928c4ca82740
